-------------------------------------------------------------------------------
Test set: tests.CalculatorTest
-------------------------------------------------------------------------------
Tests run: 5, Failures: 0, Errors: 5, Skipped: 0, Time elapsed: 31.763 s <<< FAILURE! - in tests.CalculatorTest
subtraction  Time elapsed: 3.735 s  <<< ERROR!
java.lang.RuntimeException: java.lang.NoSuchMethodException: jdk.proxy2.$Proxy12.proxyClassLookup()
	at tests.CalculatorTest.subtraction(CalculatorTest.java:11)
Caused by: java.lang.NoSuchMethodException: jdk.proxy2.$Proxy12.proxyClassLookup()
	at tests.CalculatorTest.subtraction(CalculatorTest.java:11)

divide  Time elapsed: 3.456 s  <<< ERROR!
java.lang.RuntimeException: java.lang.NoSuchMethodException: jdk.proxy2.$Proxy12.proxyClassLookup()
	at tests.CalculatorTest.divide(CalculatorTest.java:52)
Caused by: java.lang.NoSuchMethodException: jdk.proxy2.$Proxy12.proxyClassLookup()
	at tests.CalculatorTest.divide(CalculatorTest.java:52)

addition  Time elapsed: 3.352 s  <<< ERROR!
java.lang.RuntimeException: java.lang.NoSuchMethodException: jdk.proxy2.$Proxy12.proxyClassLookup()
	at tests.CalculatorTest.addition(CalculatorTest.java:21)
Caused by: java.lang.NoSuchMethodException: jdk.proxy2.$Proxy12.proxyClassLookup()
	at tests.CalculatorTest.addition(CalculatorTest.java:21)

multiplication  Time elapsed: 3.511 s  <<< ERROR!
java.lang.RuntimeException: java.lang.NoSuchMethodException: jdk.proxy2.$Proxy12.proxyClassLookup()
	at tests.CalculatorTest.multiplication(CalculatorTest.java:31)
Caused by: java.lang.NoSuchMethodException: jdk.proxy2.$Proxy12.proxyClassLookup()
	at tests.CalculatorTest.multiplication(CalculatorTest.java:31)

divideByZero  Time elapsed: 3.479 s  <<< ERROR!
java.lang.RuntimeException: java.lang.NoSuchMethodException: jdk.proxy2.$Proxy12.proxyClassLookup()
	at tests.CalculatorTest.divideByZero(CalculatorTest.java:42)
Caused by: java.lang.NoSuchMethodException: jdk.proxy2.$Proxy12.proxyClassLookup()
	at tests.CalculatorTest.divideByZero(CalculatorTest.java:42)

