-------------------------------------------------------------------------------
Test set: TestSuite
-------------------------------------------------------------------------------
Tests run: 5, Failures: 5, Errors: 0, Skipped: 0, Time elapsed: 20.311 s <<< FAILURE! - in TestSuite
addition(tests.CalculatorTest)  Time elapsed: 0.001 s  <<< FAILURE!
java.lang.RuntimeException: java.lang.NoSuchMethodException: jdk.proxy2.$Proxy7.proxyClassLookup()
	at tests.CalculatorTest.addition(CalculatorTest.java:21)
Caused by: java.lang.NoSuchMethodException: jdk.proxy2.$Proxy7.proxyClassLookup()
	at tests.CalculatorTest.addition(CalculatorTest.java:21)

divide(tests.CalculatorTest)  Time elapsed: 0.002 s  <<< FAILURE!
java.lang.RuntimeException: java.lang.NoSuchMethodException: jdk.proxy2.$Proxy7.proxyClassLookup()
	at tests.CalculatorTest.divide(CalculatorTest.java:52)
Caused by: java.lang.NoSuchMethodException: jdk.proxy2.$Proxy7.proxyClassLookup()
	at tests.CalculatorTest.divide(CalculatorTest.java:52)

divideByZero(tests.CalculatorTest)  Time elapsed: 0 s  <<< FAILURE!
java.lang.RuntimeException: java.lang.NoSuchMethodException: jdk.proxy2.$Proxy7.proxyClassLookup()
	at tests.CalculatorTest.divideByZero(CalculatorTest.java:42)
Caused by: java.lang.NoSuchMethodException: jdk.proxy2.$Proxy7.proxyClassLookup()
	at tests.CalculatorTest.divideByZero(CalculatorTest.java:42)

multiplication(tests.CalculatorTest)  Time elapsed: 0 s  <<< FAILURE!
java.lang.RuntimeException: java.lang.NoSuchMethodException: jdk.proxy2.$Proxy7.proxyClassLookup()
	at tests.CalculatorTest.multiplication(CalculatorTest.java:31)
Caused by: java.lang.NoSuchMethodException: jdk.proxy2.$Proxy7.proxyClassLookup()
	at tests.CalculatorTest.multiplication(CalculatorTest.java:31)

subtraction(tests.CalculatorTest)  Time elapsed: 0 s  <<< FAILURE!
java.lang.RuntimeException: java.lang.NoSuchMethodException: jdk.proxy2.$Proxy7.proxyClassLookup()
	at tests.CalculatorTest.subtraction(CalculatorTest.java:11)
Caused by: java.lang.NoSuchMethodException: jdk.proxy2.$Proxy7.proxyClassLookup()
	at tests.CalculatorTest.subtraction(CalculatorTest.java:11)

